1649153571284	mozrunner::runner	INFO	Running command: "/usr/bin/firefox" "-marionette" "-headless" "-foreground" "-no-remote" "-profile" "/tmp/rust_mozprofileaihyIN"
*** You are running in headless mode.
[GFX1-]: glxtest: libpci missing
[GFX1-]: glxtest: Unable to open a connection to the X server
[GFX1-]: glxtest: libEGL initialize failed
[GFX1-]: No GPUs detected via PCI
1649153584122	Marionette	INFO	Marionette enabled
[GFX1-]: RenderCompositorSWGL failed mapping default framebuffer, no dt
console.warn: SearchSettings: "get: No settings file exists, new profile?" (new NotFoundError("Could not open the file at /tmp/rust_mozprofileaihyIN/search.json.mozlz4", (void 0)))
1649153585766	Marionette	INFO	Listening on port 37107
1649153585867	RemoteAgent	WARN	TLS certificate errors will be ignored for this session
1649153587939	Marionette	INFO	Stopped listening on port 37107

###!!! [Parent][RunMessage] Error: Channel closing: too late to send/recv, messages will be lost

1649153847909	mozrunner::runner	INFO	Running command: "/usr/bin/firefox" "-marionette" "-headless" "-foreground" "-no-remote" "-profile" "/tmp/rust_mozprofilesGLxby"
*** You are running in headless mode.
[GFX1-]: glxtest: libpci missing
[GFX1-]: glxtest: Unable to open a connection to the X server
[GFX1-]: glxtest: libEGL initialize failed
[GFX1-]: No GPUs detected via PCI
1649153860228	Marionette	INFO	Marionette enabled
[GFX1-]: RenderCompositorSWGL failed mapping default framebuffer, no dt
console.warn: SearchSettings: "get: No settings file exists, new profile?" (new NotFoundError("Could not open the file at /tmp/rust_mozprofilesGLxby/search.json.mozlz4", (void 0)))
1649153861507	Marionette	INFO	Listening on port 34723
1649153861586	RemoteAgent	WARN	TLS certificate errors will be ignored for this session
1649153863711	Marionette	INFO	Stopped listening on port 34723
1649153909335	mozrunner::runner	INFO	Running command: "/usr/bin/firefox" "-marionette" "-headless" "-foreground" "-no-remote" "-profile" "/tmp/rust_mozprofilefSZ1ql"
*** You are running in headless mode.
[GFX1-]: glxtest: libpci missing
[GFX1-]: glxtest: Unable to open a connection to the X server
[GFX1-]: glxtest: libEGL initialize failed
[GFX1-]: No GPUs detected via PCI
1649153921651	Marionette	INFO	Marionette enabled
[GFX1-]: RenderCompositorSWGL failed mapping default framebuffer, no dt
console.warn: SearchSettings: "get: No settings file exists, new profile?" (new NotFoundError("Could not open the file at /tmp/rust_mozprofilefSZ1ql/search.json.mozlz4", (void 0)))
1649153922888	Marionette	INFO	Listening on port 43535
1649153922940	RemoteAgent	WARN	TLS certificate errors will be ignored for this session
1649153925114	Marionette	INFO	Stopped listening on port 43535
